Determining if the pthread_create exist failed with the following output:
Change Dir: /home/kiran/visnav_btp/catkin_ws/build/CMakeFiles/CMakeTmp

Run Build Command:/usr/bin/make "cmTryCompileExec3441499122/fast"
/usr/bin/make -f CMakeFiles/cmTryCompileExec3441499122.dir/build.make CMakeFiles/cmTryCompileExec3441499122.dir/build
make[1]: Entering directory `/home/kiran/visnav_btp/catkin_ws/build/CMakeFiles/CMakeTmp'
/usr/bin/cmake -E cmake_progress_report /home/kiran/visnav_btp/catkin_ws/build/CMakeFiles/CMakeTmp/CMakeFiles 1
Building C object CMakeFiles/cmTryCompileExec3441499122.dir/CheckSymbolExists.c.o
/usr/bin/cc    -o CMakeFiles/cmTryCompileExec3441499122.dir/CheckSymbolExists.c.o   -c /home/kiran/visnav_btp/catkin_ws/build/CMakeFiles/CMakeTmp/CheckSymbolExists.c
Linking C executable cmTryCompileExec3441499122
/usr/bin/cmake -E cmake_link_script CMakeFiles/cmTryCompileExec3441499122.dir/link.txt --verbose=1
/usr/bin/cc       CMakeFiles/cmTryCompileExec3441499122.dir/CheckSymbolExists.c.o  -o cmTryCompileExec3441499122 -rdynamic 
CMakeFiles/cmTryCompileExec3441499122.dir/CheckSymbolExists.c.o: In function `main':
CheckSymbolExists.c:(.text+0x16): undefined reference to `pthread_create'
collect2: error: ld returned 1 exit status
make[1]: *** [cmTryCompileExec3441499122] Error 1
make[1]: Leaving directory `/home/kiran/visnav_btp/catkin_ws/build/CMakeFiles/CMakeTmp'
make: *** [cmTryCompileExec3441499122/fast] Error 2

File /home/kiran/visnav_btp/catkin_ws/build/CMakeFiles/CMakeTmp/CheckSymbolExists.c:
/* */
#include <pthread.h>

int main(int argc, char** argv)
{
  (void)argv;
#ifndef pthread_create
  return ((int*)(&pthread_create))[argc];
#else
  (void)argc;
  return 0;
#endif
}

Determining if the function pthread_create exists in the pthreads failed with the following output:
Change Dir: /home/kiran/visnav_btp/catkin_ws/build/CMakeFiles/CMakeTmp

Run Build Command:/usr/bin/make "cmTryCompileExec3291391028/fast"
/usr/bin/make -f CMakeFiles/cmTryCompileExec3291391028.dir/build.make CMakeFiles/cmTryCompileExec3291391028.dir/build
make[1]: Entering directory `/home/kiran/visnav_btp/catkin_ws/build/CMakeFiles/CMakeTmp'
/usr/bin/cmake -E cmake_progress_report /home/kiran/visnav_btp/catkin_ws/build/CMakeFiles/CMakeTmp/CMakeFiles 1
Building C object CMakeFiles/cmTryCompileExec3291391028.dir/CheckFunctionExists.c.o
/usr/bin/cc   -DCHECK_FUNCTION_EXISTS=pthread_create   -o CMakeFiles/cmTryCompileExec3291391028.dir/CheckFunctionExists.c.o   -c /usr/share/cmake-2.8/Modules/CheckFunctionExists.c
Linking C executable cmTryCompileExec3291391028
/usr/bin/cmake -E cmake_link_script CMakeFiles/cmTryCompileExec3291391028.dir/link.txt --verbose=1
/usr/bin/cc   -DCHECK_FUNCTION_EXISTS=pthread_create    CMakeFiles/cmTryCompileExec3291391028.dir/CheckFunctionExists.c.o  -o cmTryCompileExec3291391028 -rdynamic -lpthreads 
/usr/bin/ld: cannot find -lpthreads
collect2: error: ld returned 1 exit status
make[1]: *** [cmTryCompileExec3291391028] Error 1
make[1]: Leaving directory `/home/kiran/visnav_btp/catkin_ws/build/CMakeFiles/CMakeTmp'
make: *** [cmTryCompileExec3291391028/fast] Error 2


